[2024-11-16 07:21:38][INFO][src/echo_server.c:54] Echo Server starting...
[2024-11-16 07:21:58][INFO][src/echo_server.c:54] Echo Server starting...
[2024-11-16 07:22:25][INFO][src/echo_server.c:54] Echo Server starting...
[2024-11-16 07:24:21][INFO][src/echo_server.c:54] Echo Server starting...
[2024-11-16 07:25:16][INFO][src/echo_server.c:55] Echo Server starting...
[2024-11-16 07:25:16][ERROR][src/echo_server.c:79] Failed binding socket: Address already in use
[2024-11-16 07:25:21][INFO][src/echo_server.c:55] Echo Server starting...
[2024-11-16 07:25:21][ERROR][src/echo_server.c:79] Failed binding socket: Address already in use
[2024-11-16 07:26:15][INFO][src/echo_server.c:55] Echo Server starting...
[2024-11-16 07:34:00][INFO][src/echo_server.c:56] Echo Server starting...
[2024-11-16 07:34:55][INFO][src/echo_server.c:56] Echo Server starting...
[2024-11-16 07:35:56][INFO][src/echo_server.c:56] Echo Server starting...
[2024-11-16 07:38:36][INFO][src/echo_server.c:56] Echo Server starting...
[2024-11-16 07:40:43][INFO][src/echo_server.c:57] Echo Server starting...
[2024-11-16 07:40:48][INFO][src/echo_server.c:108] New client connected from 127.0.0.1:35802
[2024-11-16 07:41:03][INFO][src/echo_server.c:138] Received GET request for /
[2024-11-16 07:41:59][INFO][src/echo_server.c:108] New client connected from 127.0.0.1:50176
[2024-11-16 07:42:08][INFO][src/echo_server.c:138] Received FUCK request for /
[2024-11-16 07:42:12][INFO][src/echo_server.c:108] New client connected from 127.0.0.1:53346
[2024-11-16 07:42:21][ERROR][src/echo_server.c:129] Failed to parse request
